<?xml version="1.0" encoding="UTF-8"?>
<testsuite name="MatrixTest" tests="5" skipped="0" failures="0" errors="0" timestamp="2021-04-03T10:50:31" hostname="DESKTOP-LLH0EC7" time="177.365">
  <properties/>
  <testcase name="testMinus" classname="MatrixTest" time="0.032"/>
  <testcase name="testSpeed" classname="MatrixTest" time="152.969"/>
  <testcase name="testPLus" classname="MatrixTest" time="0.0"/>
  <testcase name="testStrassenTimes" classname="MatrixTest" time="24.362"/>
  <testcase name="testDefaultTimes" classname="MatrixTest" time="0.0"/>
  <system-out><![CDATA[Time defaultTimes: 111949.9197 ms

Time strassenTimes: 40879.1016 ms

]]></system-out>
  <system-err><![CDATA[]]></system-err>
</testsuite>
